2023-04-18 18:05:55,106 [main] INFO io.github.bonigarcia.wdm.WebDriverManager - Using chromedriver 111.0.5563.64 (resolved driver for Chrome 111)
2023-04-18 18:05:55,121 [main] INFO io.github.bonigarcia.wdm.WebDriverManager - Exporting webdriver.chrome.driver as C:\Users\tanvi\.cache\selenium\chromedriver\win32\111.0.5563.64\chromedriver.exe
2023-04-18 18:05:55,962 [main] INFO QA Lead:: - >>>>> Automation Start with Chrome Browser <<<<< 
2023-04-18 18:05:59,363 [main] INFO QA Lead:: - >>>>> User able to select Men module <<<<< 
2023-04-18 18:05:59,573 [main] INFO QA Lead:: - >>>>> User able to select Tops module <<<<< 
2023-04-18 18:05:59,729 [main] INFO QA Lead:: - >>>>> user able to select Jackets from Men module <<<<< 
2023-04-18 18:06:00,609 [main] INFO QA Lead:: - >>>>> user able to select a Jacket<<<<< 
2023-04-18 18:06:01,330 [main] INFO QA Lead:: - >>>>> user able to select a Jacket size <<<<< 
2023-04-18 18:06:01,587 [main] INFO QA Lead:: - >>>>> user able to select a Jacket Color <<<<< 
2023-04-18 18:06:01,768 [main] INFO QA Lead:: - >>>>> user able to select a Jacket Quantity <<<<< 
2023-04-18 18:06:01,860 [main] INFO QA Lead:: - >>>>> user able to click add to cart button <<<<< 
2023-04-18 18:06:02,028 [main] INFO QA Lead:: - >>>>> user able to click on the shopping cart pop-up<<<<< 
2023-04-18 18:06:34,863 [main] INFO io.github.bonigarcia.wdm.WebDriverManager - Using chromedriver 111.0.5563.64 (resolved driver for Chrome 111)
2023-04-18 18:06:34,939 [main] INFO io.github.bonigarcia.wdm.WebDriverManager - Exporting webdriver.chrome.driver as C:\Users\tanvi\.cache\selenium\chromedriver\win32\111.0.5563.64\chromedriver.exe
2023-04-18 18:06:35,831 [main] INFO QA Lead:: - >>>>> Automation Start with Chrome Browser <<<<< 
2023-04-18 18:06:39,296 [main] INFO QA Lead:: - >>>>> User able to select Men module <<<<< 
2023-04-18 18:06:39,526 [main] INFO QA Lead:: - >>>>> User able to select Tops module <<<<< 
2023-04-18 18:06:39,682 [main] INFO QA Lead:: - >>>>> user able to select Jackets from Men module <<<<< 
2023-04-18 18:06:40,439 [main] INFO QA Lead:: - >>>>> user able to select a Jacket<<<<< 
2023-04-18 18:06:41,169 [main] INFO QA Lead:: - >>>>> user able to select a Jacket size <<<<< 
2023-04-18 18:06:41,481 [main] INFO QA Lead:: - >>>>> user able to select a Jacket Color <<<<< 
2023-04-18 18:06:41,660 [main] INFO QA Lead:: - >>>>> user able to select a Jacket Quantity <<<<< 
2023-04-18 18:06:41,752 [main] INFO QA Lead:: - >>>>> user able to click add to cart button <<<<< 
2023-04-18 18:06:41,917 [main] INFO QA Lead:: - >>>>> user able to click on the shopping cart pop-up<<<<< 
2023-04-18 18:06:45,095 [main] INFO QA Lead:: - >>>>> user able to click on the proceed to checkout<<<<< 
2023-04-18 18:06:46,551 [main] INFO QA Lead:: - >>>>> user able to add shipping information <<<<< 
2023-04-18 18:06:48,585 [main] INFO QA Lead:: - >>>>> user able to select shipping method radial button and click on next button <<<<< 
2023-04-18 18:06:51,052 [main] INFO QA Lead:: - >>>>> user able to click on the place order button <<<<< 
2023-04-18 18:06:52,205 [main] INFO QA Lead:: - >>>>> user able to verify the confirmation message <<<<< 
